0 verbose cli /usr/local/bin/node /usr/local/bin/npm
1 info using npm@10.8.1
2 info using node@v20.16.0
3 silly config load:file:/usr/local/lib/node_modules/npm/npmrc
4 silly config load:file:/Applications/MAMP/htdocs/TEST_REFERENDUM/.npmrc
5 silly config load:file:/Users/zotmac01/.npmrc
6 silly config load:file:/usr/local/etc/npmrc
7 verbose title npm install prisma@^5.22.0 @prisma/client@^5.22.0
8 verbose argv "install" "prisma@^5.22.0" "@prisma/client@^5.22.0" "--cache" "./.npm-cache"
9 verbose logfile logs-max:10 dir:/Applications/MAMP/htdocs/TEST_REFERENDUM/.npm-cache/_logs/2026-02-19T10_42_56_407Z-
10 verbose logfile /Applications/MAMP/htdocs/TEST_REFERENDUM/.npm-cache/_logs/2026-02-19T10_42_56_407Z-debug-0.log
11 silly packumentCache heap:4345298944 maxSize:1086324736 maxEntrySize:543162368
12 silly logfile done cleaning log files
13 silly idealTree buildDeps
14 silly fetch manifest prisma@^5.22.0
15 silly packumentCache full:https://registry.npmjs.org/prisma cache-miss
16 verbose shrinkwrap failed to load node_modules/.package-lock.json out of date, updated: node_modules
17 http fetch GET 200 https://registry.npmjs.org/prisma 46ms (cache hit)
18 silly packumentCache full:https://registry.npmjs.org/prisma set size:42551639 disposed:false
19 silly fetch manifest @prisma/client@^5.22.0
20 silly packumentCache full:https://registry.npmjs.org/@prisma%2fclient cache-miss
21 http fetch GET 200 https://registry.npmjs.org/@prisma%2fclient 101ms (cache hit)
22 silly packumentCache full:https://registry.npmjs.org/@prisma%2fclient set size:66796748 disposed:false
23 silly placeDep ROOT @prisma/client@5.22.0 OK for: init-temp@0.1.0 want: ^5.22.0
24 silly placeDep ROOT prisma@5.22.0 OK for: init-temp@0.1.0 want: ^5.22.0
25 silly fetch manifest @prisma/engines@5.22.0
26 silly packumentCache full:https://registry.npmjs.org/@prisma%2fengines cache-miss
27 silly fetch manifest fsevents@2.3.3
28 silly packumentCache full:https://registry.npmjs.org/fsevents cache-miss
29 http fetch GET 200 https://registry.npmjs.org/@prisma%2fengines 42ms (cache hit)
30 silly packumentCache full:https://registry.npmjs.org/@prisma%2fengines set size:21453453 disposed:false
31 http fetch GET 200 https://registry.npmjs.org/fsevents 154ms (cache miss)
32 silly packumentCache full:https://registry.npmjs.org/fsevents set size:undefined disposed:false
33 silly placeDep ROOT @prisma/engines@5.22.0 OK for: prisma@5.22.0 want: 5.22.0
34 silly placeDep ROOT fsevents@2.3.3 OK for: prisma@5.22.0 want: 2.3.3
35 silly fetch manifest @prisma/debug@5.22.0
36 silly packumentCache full:https://registry.npmjs.org/@prisma%2fdebug cache-miss
37 silly fetch manifest @prisma/fetch-engine@5.22.0
38 silly packumentCache full:https://registry.npmjs.org/@prisma%2ffetch-engine cache-miss
39 silly fetch manifest @prisma/get-platform@5.22.0
40 silly packumentCache full:https://registry.npmjs.org/@prisma%2fget-platform cache-miss
41 silly fetch manifest @prisma/engines-version@5.22.0-44.605197351a3c8bdd595af2d2a9bc3025bca48ea2
42 silly packumentCache full:https://registry.npmjs.org/@prisma%2fengines-version cache-miss
43 http fetch GET 200 https://registry.npmjs.org/@prisma%2ffetch-engine 40ms (cache hit)
44 silly packumentCache full:https://registry.npmjs.org/@prisma%2ffetch-engine set size:31948439 disposed:false
45 http fetch GET 200 https://registry.npmjs.org/@prisma%2fengines-version 158ms (cache hit)
46 silly packumentCache full:https://registry.npmjs.org/@prisma%2fengines-version set size:9875163 disposed:false
47 http fetch GET 200 https://registry.npmjs.org/@prisma%2fget-platform 201ms (cache hit)
48 silly packumentCache full:https://registry.npmjs.org/@prisma%2fget-platform set size:28088537 disposed:false
49 http fetch GET 200 https://registry.npmjs.org/@prisma%2fdebug 294ms (cache hit)
50 silly packumentCache full:https://registry.npmjs.org/@prisma%2fdebug set size:28421175 disposed:false
51 silly placeDep ROOT @prisma/debug@5.22.0 OK for: @prisma/engines@5.22.0 want: 5.22.0
52 silly placeDep ROOT @prisma/engines-version@5.22.0-44.605197351a3c8bdd595af2d2a9bc3025bca48ea2 OK for: @prisma/engines@5.22.0 want: 5.22.0-44.605197351a3c8bdd595af2d2a9bc3025bca48ea2
53 silly placeDep ROOT @prisma/fetch-engine@5.22.0 OK for: @prisma/engines@5.22.0 want: 5.22.0
54 silly placeDep ROOT @prisma/get-platform@5.22.0 OK for: @prisma/engines@5.22.0 want: 5.22.0
55 warn EBADENGINE Unsupported engine {
55 warn EBADENGINE   package: 'eslint-visitor-keys@5.0.0',
55 warn EBADENGINE   required: { node: '^20.19.0 || ^22.13.0 || >=24' },
55 warn EBADENGINE   current: { node: 'v20.16.0', npm: '10.8.1' }
55 warn EBADENGINE }
56 silly reify moves {}
57 silly audit bulk request {
57 silly audit   '@babel/code-frame': [ '7.29.0' ],
57 silly audit   '@babel/compat-data': [ '7.29.0' ],
57 silly audit   '@babel/core': [ '7.29.0' ],
57 silly audit   '@babel/generator': [ '7.29.1' ],
57 silly audit   '@babel/helper-compilation-targets': [ '7.28.6' ],
57 silly audit   '@babel/helper-globals': [ '7.28.0' ],
57 silly audit   '@babel/helper-module-imports': [ '7.28.6' ],
57 silly audit   '@babel/helper-module-transforms': [ '7.28.6' ],
57 silly audit   '@babel/helper-string-parser': [ '7.27.1' ],
57 silly audit   '@babel/helper-validator-identifier': [ '7.28.5' ],
57 silly audit   '@babel/helper-validator-option': [ '7.27.1' ],
57 silly audit   '@babel/helpers': [ '7.28.6' ],
57 silly audit   '@babel/parser': [ '7.29.0' ],
57 silly audit   '@babel/template': [ '7.28.6' ],
57 silly audit   '@babel/traverse': [ '7.29.0' ],
57 silly audit   '@babel/types': [ '7.29.0' ],
57 silly audit   '@emnapi/core': [ '1.8.1' ],
57 silly audit   '@emnapi/runtime': [ '1.8.1' ],
57 silly audit   '@emnapi/wasi-threads': [ '1.1.0' ],
57 silly audit   '@eslint-community/eslint-utils': [ '4.9.1' ],
57 silly audit   'eslint-visitor-keys': [ '3.4.3', '5.0.0', '4.2.1' ],
57 silly audit   '@eslint-community/regexpp': [ '4.12.2' ],
57 silly audit   '@eslint/config-array': [ '0.21.1' ],
57 silly audit   '@eslint/config-helpers': [ '0.4.2' ],
57 silly audit   '@eslint/core': [ '0.17.0' ],
57 silly audit   '@eslint/eslintrc': [ '3.3.3' ],
57 silly audit   '@eslint/js': [ '9.39.2' ],
57 silly audit   '@eslint/object-schema': [ '2.1.7' ],
57 silly audit   '@eslint/plugin-kit': [ '0.4.1' ],
57 silly audit   '@humanfs/core': [ '0.19.1' ],
57 silly audit   '@humanfs/node': [ '0.16.7' ],
57 silly audit   '@humanwhocodes/module-importer': [ '1.0.1' ],
57 silly audit   '@humanwhocodes/retry': [ '0.4.3' ],
57 silly audit   '@img/colour': [ '1.0.0' ],
57 silly audit   '@img/sharp-darwin-arm64': [ '0.34.5' ],
57 silly audit   '@img/sharp-darwin-x64': [ '0.34.5' ],
57 silly audit   '@img/sharp-libvips-darwin-arm64': [ '1.2.4' ],
57 silly audit   '@img/sharp-libvips-darwin-x64': [ '1.2.4' ],
57 silly audit   '@img/sharp-libvips-linux-arm': [ '1.2.4' ],
57 silly audit   '@img/sharp-libvips-linux-arm64': [ '1.2.4' ],
57 silly audit   '@img/sharp-libvips-linux-ppc64': [ '1.2.4' ],
57 silly audit   '@img/sharp-libvips-linux-riscv64': [ '1.2.4' ],
57 silly audit   '@img/sharp-libvips-linux-s390x': [ '1.2.4' ],
57 silly audit   '@img/sharp-libvips-linux-x64': [ '1.2.4' ],
57 silly audit   '@img/sharp-libvips-linuxmusl-arm64': [ '1.2.4' ],
57 silly audit   '@img/sharp-libvips-linuxmusl-x64': [ '1.2.4' ],
57 silly audit   '@img/sharp-linux-arm': [ '0.34.5' ],
57 silly audit   '@img/sharp-linux-arm64': [ '0.34.5' ],
57 silly audit   '@img/sharp-linux-ppc64': [ '0.34.5' ],
57 silly audit   '@img/sharp-linux-riscv64': [ '0.34.5' ],
57 silly audit   '@img/sharp-linux-s390x': [ '0.34.5' ],
57 silly audit   '@img/sharp-linux-x64': [ '0.34.5' ],
57 silly audit   '@img/sharp-linuxmusl-arm64': [ '0.34.5' ],
57 silly audit   '@img/sharp-linuxmusl-x64': [ '0.34.5' ],
57 silly audit   '@img/sharp-wasm32': [ '0.34.5' ],
57 silly audit   '@img/sharp-win32-arm64': [ '0.34.5' ],
57 silly audit   '@img/sharp-win32-ia32': [ '0.34.5' ],
57 silly audit   '@img/sharp-win32-x64': [ '0.34.5' ],
57 silly audit   '@jridgewell/gen-mapping': [ '0.3.13' ],
57 silly audit   '@jridgewell/remapping': [ '2.3.5' ],
57 silly audit   '@jridgewell/resolve-uri': [ '3.1.2' ],
57 silly audit   '@jridgewell/sourcemap-codec': [ '1.5.5' ],
57 silly audit   '@jridgewell/trace-mapping': [ '0.3.31' ],
57 silly audit   '@napi-rs/wasm-runtime': [ '0.2.12' ],
57 silly audit   '@next/env': [ '16.1.6' ],
57 silly audit   '@next/eslint-plugin-next': [ '16.1.6' ],
57 silly audit   '@next/swc-darwin-arm64': [ '16.1.6' ],
57 silly audit   '@next/swc-darwin-x64': [ '16.1.6' ],
57 silly audit   '@next/swc-linux-arm64-gnu': [ '16.1.6' ],
57 silly audit   '@next/swc-linux-arm64-musl': [ '16.1.6' ],
57 silly audit   '@next/swc-linux-x64-gnu': [ '16.1.6' ],
57 silly audit   '@next/swc-linux-x64-musl': [ '16.1.6' ],
57 silly audit   '@next/swc-win32-arm64-msvc': [ '16.1.6' ],
57 silly audit   '@next/swc-win32-x64-msvc': [ '16.1.6' ],
57 silly audit   '@nodelib/fs.scandir': [ '2.1.5' ],
57 silly audit   '@nodelib/fs.stat': [ '2.0.5' ],
57 silly audit   '@nodelib/fs.walk': [ '1.2.8' ],
57 silly audit   '@nolyfill/is-core-module': [ '1.0.39' ],
57 silly audit   '@rtsao/scc': [ '1.1.0' ],
57 silly audit   '@swc/helpers': [ '0.5.15' ],
57 silly audit   '@tybys/wasm-util': [ '0.10.1' ],
57 silly audit   '@types/estree': [ '1.0.8' ],
57 silly audit   '@types/json-schema': [ '7.0.15' ],
57 silly audit   '@types/json5': [ '0.0.29' ],
57 silly audit   '@types/node': [ '20.19.33' ],
57 silly audit   '@types/react': [ '19.2.14' ],
57 silly audit   '@types/react-dom': [ '19.2.3' ],
57 silly audit   '@typescript-eslint/eslint-plugin': [ '8.56.0' ],
57 silly audit   ignore: [ '7.0.5', '5.3.2' ],
57 silly audit   '@typescript-eslint/parser': [ '8.56.0' ],
57 silly audit   '@typescript-eslint/project-service': [ '8.56.0' ],
57 silly audit   '@typescript-eslint/scope-manager': [ '8.56.0' ],
57 silly audit   '@typescript-eslint/tsconfig-utils': [ '8.56.0' ],
57 silly audit   '@typescript-eslint/type-utils': [ '8.56.0' ],
57 silly audit   '@typescript-eslint/types': [ '8.56.0' ],
57 silly audit   '@typescript-eslint/typescript-estree': [ '8.56.0' ],
57 silly audit   'brace-expansion': [ '2.0.2', '1.1.12' ],
57 silly audit   minimatch: [ '9.0.5', '3.1.2' ],
57 silly audit   semver: [ '7.7.4', '6.3.1' ],
57 silly audit   '@typescript-eslint/utils': [ '8.56.0' ],
57 silly audit   '@typescript-eslint/visitor-keys': [ '8.56.0' ],
57 silly audit   '@unrs/resolver-binding-android-arm-eabi': [ '1.11.1' ],
57 silly audit   '@unrs/resolver-binding-android-arm64': [ '1.11.1' ],
57 silly audit   '@unrs/resolver-binding-darwin-arm64': [ '1.11.1' ],
57 silly audit   '@unrs/resolver-binding-darwin-x64': [ '1.11.1' ],
57 silly audit   '@unrs/resolver-binding-freebsd-x64': [ '1.11.1' ],
57 silly audit   '@unrs/resolver-binding-linux-arm-gnueabihf': [ '1.11.1' ],
57 silly audit   '@unrs/resolver-binding-linux-arm-musleabihf': [ '1.11.1' ],
57 silly audit   '@unrs/resolver-binding-linux-arm64-gnu': [ '1.11.1' ],
57 silly audit   '@unrs/resolver-binding-linux-arm64-musl': [ '1.11.1' ],
57 silly audit   '@unrs/resolver-binding-linux-ppc64-gnu': [ '1.11.1' ],
57 silly audit   '@unrs/resolver-binding-linux-riscv64-gnu': [ '1.11.1' ],
57 silly audit   '@unrs/resolver-binding-linux-riscv64-musl': [ '1.11.1' ],
57 silly audit   '@unrs/resolver-binding-linux-s390x-gnu': [ '1.11.1' ],
57 silly audit   '@unrs/resolver-binding-linux-x64-gnu': [ '1.11.1' ],
57 silly audit   '@unrs/resolver-binding-linux-x64-musl': [ '1.11.1' ],
57 silly audit   '@unrs/resolver-binding-wasm32-wasi': [ '1.11.1' ],
57 silly audit   '@unrs/resolver-binding-win32-arm64-msvc': [ '1.11.1' ],
57 silly audit   '@unrs/resolver-binding-win32-ia32-msvc': [ '1.11.1' ],
57 silly audit   '@unrs/resolver-binding-win32-x64-msvc': [ '1.11.1' ],
57 silly audit   acorn: [ '8.15.0' ],
57 silly audit   'acorn-jsx': [ '5.3.2' ],
57 silly audit   ajv: [ '6.12.6' ],
57 silly audit   'ansi-styles': [ '4.3.0' ],
57 silly audit   argparse: [ '2.0.1' ],
57 silly audit   'aria-query': [ '5.3.2' ],
57 silly audit   'array-buffer-byte-length': [ '1.0.2' ],
57 silly audit   'array-includes': [ '3.1.9' ],
57 silly audit   'array.prototype.findlast': [ '1.2.5' ],
57 silly audit   'array.prototype.findlastindex': [ '1.2.6' ],
57 silly audit   'array.prototype.flat': [ '1.3.3' ],
57 silly audit   'array.prototype.flatmap': [ '1.3.3' ],
57 silly audit   'array.prototype.tosorted': [ '1.1.4' ],
57 silly audit   'arraybuffer.prototype.slice': [ '1.0.4' ],
57 silly audit   'ast-types-flow': [ '0.0.8' ],
57 silly audit   'async-function': [ '1.0.0' ],
57 silly audit   'available-typed-arrays': [ '1.0.7' ],
57 silly audit   'axe-core': [ '4.11.1' ],
57 silly audit   'axobject-query': [ '4.1.0' ],
57 silly audit   'balanced-match': [ '1.0.2' ],
57 silly audit   'baseline-browser-mapping': [ '2.9.19' ],
57 silly audit   braces: [ '3.0.3' ],
57 silly audit   browserslist: [ '4.28.1' ],
57 silly audit   'call-bind': [ '1.0.8' ],
57 silly audit   'call-bind-apply-helpers': [ '1.0.2' ],
57 silly audit   'call-bound': [ '1.0.4' ],
57 silly audit   callsites: [ '3.1.0' ],
57 silly audit   'caniuse-lite': [ '1.0.30001770' ],
57 silly audit   chalk: [ '4.1.2' ],
57 silly audit   'client-only': [ '0.0.1' ],
57 silly audit   'color-convert': [ '2.0.1' ],
57 silly audit   'color-name': [ '1.1.4' ],
57 silly audit   'concat-map': [ '0.0.1' ],
57 silly audit   'convert-source-map': [ '2.0.0' ],
57 silly audit   'cross-spawn': [ '7.0.6' ],
57 silly audit   csstype: [ '3.2.3' ],
57 silly audit   'damerau-levenshtein': [ '1.0.8' ],
57 silly audit   'data-view-buffer': [ '1.0.2' ],
57 silly audit   'data-view-byte-length': [ '1.0.2' ],
57 silly audit   'data-view-byte-offset': [ '1.0.1' ],
57 silly audit   debug: [ '4.4.3', '3.2.7' ],
57 silly audit   'deep-is': [ '0.1.4' ],
57 silly audit   'define-data-property': [ '1.1.4' ],
57 silly audit   'define-properties': [ '1.2.1' ],
57 silly audit   'detect-libc': [ '2.1.2' ],
57 silly audit   doctrine: [ '2.1.0' ],
57 silly audit   'dunder-proto': [ '1.0.1' ],
57 silly audit   'electron-to-chromium': [ '1.5.286' ],
57 silly audit   'emoji-regex': [ '9.2.2' ],
57 silly audit   'es-abstract': [ '1.24.1' ],
57 silly audit   'es-define-property': [ '1.0.1' ],
57 silly audit   'es-errors': [ '1.3.0' ],
57 silly audit   'es-iterator-helpers': [ '1.2.2' ],
57 silly audit   'es-object-atoms': [ '1.1.1' ],
57 silly audit   'es-set-tostringtag': [ '2.1.0' ],
57 silly audit   'es-shim-unscopables': [ '1.1.0' ],
57 silly audit   'es-to-primitive': [ '1.3.0' ],
57 silly audit   escalade: [ '3.2.0' ],
57 silly audit   'escape-string-regexp': [ '4.0.0' ],
57 silly audit   eslint: [ '9.39.2' ],
57 silly audit   'eslint-config-next': [ '16.1.6' ],
57 silly audit   globals: [ '16.4.0', '14.0.0' ],
57 silly audit   'eslint-import-resolver-node': [ '0.3.9' ],
57 silly audit   'eslint-import-resolver-typescript': [ '3.10.1' ],
57 silly audit   'eslint-module-utils': [ '2.12.1' ],
57 silly audit   'eslint-plugin-import': [ '2.32.0' ],
57 silly audit   'eslint-plugin-jsx-a11y': [ '6.10.2' ],
57 silly audit   'eslint-plugin-react': [ '7.37.5' ],
57 silly audit   'eslint-plugin-react-hooks': [ '7.0.1' ],
57 silly audit   resolve: [ '2.0.0-next.6', '1.22.11' ],
57 silly audit   'eslint-scope': [ '8.4.0' ],
57 silly audit   espree: [ '10.4.0' ],
57 silly audit   esquery: [ '1.7.0' ],
57 silly audit   esrecurse: [ '4.3.0' ],
57 silly audit   estraverse: [ '5.3.0' ],
57 silly audit   esutils: [ '2.0.3' ],
57 silly audit   'fast-deep-equal': [ '3.1.3' ],
57 silly audit   'fast-glob': [ '3.3.1' ],
57 silly audit   'glob-parent': [ '5.1.2', '6.0.2' ],
57 silly audit   'fast-json-stable-stringify': [ '2.1.0' ],
57 silly audit   'fast-levenshtein': [ '2.0.6' ],
57 silly audit   fastq: [ '1.20.1' ],
57 silly audit   'file-entry-cache': [ '8.0.0' ],
57 silly audit   'fill-range': [ '7.1.1' ],
57 silly audit   'find-up': [ '5.0.0' ],
57 silly audit   'flat-cache': [ '4.0.1' ],
57 silly audit   flatted: [ '3.3.3' ],
57 silly audit   'for-each': [ '0.3.5' ],
57 silly audit   'function-bind': [ '1.1.2' ],
57 silly audit   'function.prototype.name': [ '1.1.8' ],
57 silly audit   'functions-have-names': [ '1.2.3' ],
57 silly audit   'generator-function': [ '2.0.1' ],
57 silly audit   gensync: [ '1.0.0-beta.2' ],
57 silly audit   'get-intrinsic': [ '1.3.0' ],
57 silly audit   'get-proto': [ '1.0.1' ],
57 silly audit   'get-symbol-description': [ '1.1.0' ],
57 silly audit   'get-tsconfig': [ '4.13.6' ],
57 silly audit   globalthis: [ '1.0.4' ],
57 silly audit   gopd: [ '1.2.0' ],
57 silly audit   'has-bigints': [ '1.1.0' ],
57 silly audit   'has-flag': [ '4.0.0' ],
57 silly audit   'has-property-descriptors': [ '1.0.2' ],
57 silly audit   'has-proto': [ '1.2.0' ],
57 silly audit   'has-symbols': [ '1.1.0' ],
57 silly audit   'has-tostringtag': [ '1.0.2' ],
57 silly audit   hasown: [ '2.0.2' ],
57 silly audit   'hermes-estree': [ '0.25.1' ],
57 silly audit   'hermes-parser': [ '0.25.1' ],
57 silly audit   'import-fresh': [ '3.3.1' ],
57 silly audit   imurmurhash: [ '0.1.4' ],
57 silly audit   'internal-slot': [ '1.1.0' ],
57 silly audit   'is-array-buffer': [ '3.0.5' ],
57 silly audit   'is-async-function': [ '2.1.1' ],
57 silly audit   'is-bigint': [ '1.1.0' ],
57 silly audit   'is-boolean-object': [ '1.2.2' ],
57 silly audit   'is-bun-module': [ '2.0.0' ],
57 silly audit   'is-callable': [ '1.2.7' ],
57 silly audit   'is-core-module': [ '2.16.1' ],
57 silly audit   'is-data-view': [ '1.0.2' ],
57 silly audit   'is-date-object': [ '1.1.0' ],
57 silly audit   'is-extglob': [ '2.1.1' ],
57 silly audit   'is-finalizationregistry': [ '1.1.1' ],
57 silly audit   'is-generator-function': [ '1.1.2' ],
57 silly audit   'is-glob': [ '4.0.3' ],
57 silly audit   'is-map': [ '2.0.3' ],
57 silly audit   'is-negative-zero': [ '2.0.3' ],
57 silly audit   'is-number': [ '7.0.0' ],
57 silly audit   'is-number-object': [ '1.1.1' ],
57 silly audit   'is-regex': [ '1.2.1' ],
57 silly audit   'is-set': [ '2.0.3' ],
57 silly audit   'is-shared-array-buffer': [ '1.0.4' ],
57 silly audit   'is-string': [ '1.1.1' ],
57 silly audit   'is-symbol': [ '1.1.1' ],
57 silly audit   'is-typed-array': [ '1.1.15' ],
57 silly audit   'is-weakmap': [ '2.0.2' ],
57 silly audit   'is-weakref': [ '1.1.1' ],
57 silly audit   'is-weakset': [ '2.0.4' ],
57 silly audit   isarray: [ '2.0.5' ],
57 silly audit   isexe: [ '2.0.0' ],
57 silly audit   'iterator.prototype': [ '1.1.5' ],
57 silly audit   'js-tokens': [ '4.0.0' ],
57 silly audit   'js-yaml': [ '4.1.1' ],
57 silly audit   jsesc: [ '3.1.0' ],
57 silly audit   'json-buffer': [ '3.0.1' ],
57 silly audit   'json-schema-traverse': [ '0.4.1' ],
57 silly audit   'json-stable-stringify-without-jsonify': [ '1.0.1' ],
57 silly audit   json5: [ '2.2.3', '1.0.2' ],
57 silly audit   'jsx-ast-utils': [ '3.3.5' ],
57 silly audit   keyv: [ '4.5.4' ],
57 silly audit   'language-subtag-registry': [ '0.3.23' ],
57 silly audit   'language-tags': [ '1.0.9' ],
57 silly audit   levn: [ '0.4.1' ],
57 silly audit   'locate-path': [ '6.0.0' ],
57 silly audit   'lodash.merge': [ '4.6.2' ],
57 silly audit   'loose-envify': [ '1.4.0' ],
57 silly audit   'lru-cache': [ '5.1.1' ],
57 silly audit   'math-intrinsics': [ '1.1.0' ],
57 silly audit   merge2: [ '1.4.1' ],
57 silly audit   micromatch: [ '4.0.8' ],
57 silly audit   minimist: [ '1.2.8' ],
57 silly audit   ms: [ '2.1.3' ],
57 silly audit   nanoid: [ '3.3.11' ],
57 silly audit   'napi-postinstall': [ '0.3.4' ],
57 silly audit   'natural-compare': [ '1.4.0' ],
57 silly audit   next: [ '16.1.6' ],
57 silly audit   'node-exports-info': [ '1.6.0' ],
57 silly audit   'node-releases': [ '2.0.27' ],
57 silly audit   'object-assign': [ '4.1.1' ],
57 silly audit   'object-inspect': [ '1.13.4' ],
57 silly audit   'object-keys': [ '1.1.1' ],
57 silly audit   'object.assign': [ '4.1.7' ],
57 silly audit   'object.entries': [ '1.1.9' ],
57 silly audit   'object.fromentries': [ '2.0.8' ],
57 silly audit   'object.groupby': [ '1.0.3' ],
57 silly audit   'object.values': [ '1.2.1' ],
57 silly audit   optionator: [ '0.9.4' ],
57 silly audit   'own-keys': [ '1.0.1' ],
57 silly audit   'p-limit': [ '3.1.0' ],
57 silly audit   'p-locate': [ '5.0.0' ],
57 silly audit   'parent-module': [ '1.0.1' ],
57 silly audit   'path-exists': [ '4.0.0' ],
57 silly audit   'path-key': [ '3.1.1' ],
57 silly audit   'path-parse': [ '1.0.7' ],
57 silly audit   picocolors: [ '1.1.1' ],
57 silly audit   picomatch: [ '2.3.1', '4.0.3' ],
57 silly audit   'possible-typed-array-names': [ '1.1.0' ],
57 silly audit   postcss: [ '8.4.31' ],
57 silly audit   'prelude-ls': [ '1.2.1' ],
57 silly audit   'prop-types': [ '15.8.1' ],
57 silly audit   punycode: [ '2.3.1' ],
57 silly audit   'queue-microtask': [ '1.2.3' ],
57 silly audit   react: [ '19.2.3' ],
57 silly audit   'react-dom': [ '19.2.3' ],
57 silly audit   'react-is': [ '16.13.1' ],
57 silly audit   'reflect.getprototypeof': [ '1.0.10' ],
57 silly audit   'regexp.prototype.flags': [ '1.5.4' ],
57 silly audit   'resolve-from': [ '4.0.0' ],
57 silly audit   'resolve-pkg-maps': [ '1.0.0' ],
57 silly audit   reusify: [ '1.1.0' ],
57 silly audit   'run-parallel': [ '1.2.0' ],
57 silly audit   'safe-array-concat': [ '1.1.3' ],
57 silly audit   'safe-push-apply': [ '1.0.0' ],
57 silly audit   'safe-regex-test': [ '1.1.0' ],
57 silly audit   scheduler: [ '0.27.0' ],
57 silly audit   'set-function-length': [ '1.2.2' ],
57 silly audit   'set-function-name': [ '2.0.2' ],
57 silly audit   'set-proto': [ '1.0.0' ],
57 silly audit   sharp: [ '0.34.5' ],
57 silly audit   'shebang-command': [ '2.0.0' ],
57 silly audit   'shebang-regex': [ '3.0.0' ],
57 silly audit   'side-channel': [ '1.1.0' ],
57 silly audit   'side-channel-list': [ '1.0.0' ],
57 silly audit   'side-channel-map': [ '1.0.1' ],
57 silly audit   'side-channel-weakmap': [ '1.0.2' ],
57 silly audit   'source-map-js': [ '1.2.1' ],
57 silly audit   'stable-hash': [ '0.0.5' ],
57 silly audit   'stop-iteration-iterator': [ '1.1.0' ],
57 silly audit   'string.prototype.includes': [ '2.0.1' ],
57 silly audit   'string.prototype.matchall': [ '4.0.12' ],
57 silly audit   'string.prototype.repeat': [ '1.0.0' ],
57 silly audit   'string.prototype.trim': [ '1.2.10' ],
57 silly audit   'string.prototype.trimend': [ '1.0.9' ],
57 silly audit   'string.prototype.trimstart': [ '1.0.8' ],
57 silly audit   'strip-bom': [ '3.0.0' ],
57 silly audit   'strip-json-comments': [ '3.1.1' ],
57 silly audit   'styled-jsx': [ '5.1.6' ],
57 silly audit   'supports-color': [ '7.2.0' ],
57 silly audit   'supports-preserve-symlinks-flag': [ '1.0.0' ],
57 silly audit   tinyglobby: [ '0.2.15' ],
57 silly audit   fdir: [ '6.5.0' ],
57 silly audit   'to-regex-range': [ '5.0.1' ],
57 silly audit   'ts-api-utils': [ '2.4.0' ],
57 silly audit   'tsconfig-paths': [ '3.15.0' ],
57 silly audit   tslib: [ '2.8.1' ],
57 silly audit   'type-check': [ '0.4.0' ],
57 silly audit   'typed-array-buffer': [ '1.0.3' ],
57 silly audit   'typed-array-byte-length': [ '1.0.3' ],
57 silly audit   'typed-array-byte-offset': [ '1.0.4' ],
57 silly audit   'typed-array-length': [ '1.0.7' ],
57 silly audit   typescript: [ '5.9.3' ],
57 silly audit   'typescript-eslint': [ '8.56.0' ],
57 silly audit   'unbox-primitive': [ '1.1.0' ],
57 silly audit   'undici-types': [ '6.21.0' ],
57 silly audit   'unrs-resolver': [ '1.11.1' ],
57 silly audit   'update-browserslist-db': [ '1.2.3' ],
57 silly audit   'uri-js': [ '4.4.1' ],
57 silly audit   which: [ '2.0.2' ],
57 silly audit   'which-boxed-primitive': [ '1.1.1' ],
57 silly audit   'which-builtin-type': [ '1.2.1' ],
57 silly audit   'which-collection': [ '1.0.2' ],
57 silly audit   'which-typed-array': [ '1.1.20' ],
57 silly audit   'word-wrap': [ '1.2.5' ],
57 silly audit   yallist: [ '3.1.1' ],
57 silly audit   'yocto-queue': [ '0.1.0' ],
57 silly audit   zod: [ '4.3.6' ],
57 silly audit   'zod-validation-error': [ '4.0.2' ],
57 silly audit   '@prisma/client': [ '5.22.0' ],
57 silly audit   prisma: [ '5.22.0' ],
57 silly audit   '@prisma/engines': [ '5.22.0' ],
57 silly audit   fsevents: [ '2.3.3' ],
57 silly audit   '@prisma/debug': [ '5.22.0' ],
57 silly audit   '@prisma/engines-version': [ '5.22.0-44.605197351a3c8bdd595af2d2a9bc3025bca48ea2' ],
57 silly audit   '@prisma/fetch-engine': [ '5.22.0' ],
57 silly audit   '@prisma/get-platform': [ '5.22.0' ]
57 silly audit }
58 verbose reify failed optional dependency /Applications/MAMP/htdocs/TEST_REFERENDUM/node_modules/@unrs/resolver-binding-win32-x64-msvc
59 silly reify mark deleted [
59 silly reify   '/Applications/MAMP/htdocs/TEST_REFERENDUM/node_modules/@unrs/resolver-binding-win32-x64-msvc'
59 silly reify ]
60 verbose reify failed optional dependency /Applications/MAMP/htdocs/TEST_REFERENDUM/node_modules/@unrs/resolver-binding-win32-ia32-msvc
61 silly reify mark deleted [
61 silly reify   '/Applications/MAMP/htdocs/TEST_REFERENDUM/node_modules/@unrs/resolver-binding-win32-ia32-msvc'
61 silly reify ]
62 verbose reify failed optional dependency /Applications/MAMP/htdocs/TEST_REFERENDUM/node_modules/@unrs/resolver-binding-win32-arm64-msvc
63 silly reify mark deleted [
63 silly reify   '/Applications/MAMP/htdocs/TEST_REFERENDUM/node_modules/@unrs/resolver-binding-win32-arm64-msvc'
63 silly reify ]
64 verbose reify failed optional dependency /Applications/MAMP/htdocs/TEST_REFERENDUM/node_modules/@unrs/resolver-binding-wasm32-wasi
65 silly reify mark deleted [
65 silly reify   '/Applications/MAMP/htdocs/TEST_REFERENDUM/node_modules/@unrs/resolver-binding-wasm32-wasi'
65 silly reify ]
66 verbose reify failed optional dependency /Applications/MAMP/htdocs/TEST_REFERENDUM/node_modules/@napi-rs/wasm-runtime
67 silly reify mark deleted [
67 silly reify   '/Applications/MAMP/htdocs/TEST_REFERENDUM/node_modules/@napi-rs/wasm-runtime'
67 silly reify ]
68 verbose reify failed optional dependency /Applications/MAMP/htdocs/TEST_REFERENDUM/node_modules/@emnapi/core
69 silly reify mark deleted [
69 silly reify   '/Applications/MAMP/htdocs/TEST_REFERENDUM/node_modules/@emnapi/core'
69 silly reify ]
70 verbose reify failed optional dependency /Applications/MAMP/htdocs/TEST_REFERENDUM/node_modules/@tybys/wasm-util
71 silly reify mark deleted [
71 silly reify   '/Applications/MAMP/htdocs/TEST_REFERENDUM/node_modules/@tybys/wasm-util'
71 silly reify ]
72 verbose reify failed optional dependency /Applications/MAMP/htdocs/TEST_REFERENDUM/node_modules/@emnapi/wasi-threads
73 silly reify mark deleted [
73 silly reify   '/Applications/MAMP/htdocs/TEST_REFERENDUM/node_modules/@emnapi/wasi-threads'
73 silly reify ]
74 verbose reify failed optional dependency /Applications/MAMP/htdocs/TEST_REFERENDUM/node_modules/@unrs/resolver-binding-linux-x64-musl
75 silly reify mark deleted [
75 silly reify   '/Applications/MAMP/htdocs/TEST_REFERENDUM/node_modules/@unrs/resolver-binding-linux-x64-musl'
75 silly reify ]
76 verbose reify failed optional dependency /Applications/MAMP/htdocs/TEST_REFERENDUM/node_modules/@unrs/resolver-binding-linux-x64-gnu
77 silly reify mark deleted [
77 silly reify   '/Applications/MAMP/htdocs/TEST_REFERENDUM/node_modules/@unrs/resolver-binding-linux-x64-gnu'
77 silly reify ]
78 verbose reify failed optional dependency /Applications/MAMP/htdocs/TEST_REFERENDUM/node_modules/@unrs/resolver-binding-linux-s390x-gnu
79 silly reify mark deleted [
79 silly reify   '/Applications/MAMP/htdocs/TEST_REFERENDUM/node_modules/@unrs/resolver-binding-linux-s390x-gnu'
79 silly reify ]
80 verbose reify failed optional dependency /Applications/MAMP/htdocs/TEST_REFERENDUM/node_modules/@unrs/resolver-binding-linux-riscv64-musl
81 silly reify mark deleted [
81 silly reify   '/Applications/MAMP/htdocs/TEST_REFERENDUM/node_modules/@unrs/resolver-binding-linux-riscv64-musl'
81 silly reify ]
82 verbose reify failed optional dependency /Applications/MAMP/htdocs/TEST_REFERENDUM/node_modules/@unrs/resolver-binding-linux-riscv64-gnu
83 silly reify mark deleted [
83 silly reify   '/Applications/MAMP/htdocs/TEST_REFERENDUM/node_modules/@unrs/resolver-binding-linux-riscv64-gnu'
83 silly reify ]
84 verbose reify failed optional dependency /Applications/MAMP/htdocs/TEST_REFERENDUM/node_modules/@unrs/resolver-binding-linux-ppc64-gnu
85 silly reify mark deleted [
85 silly reify   '/Applications/MAMP/htdocs/TEST_REFERENDUM/node_modules/@unrs/resolver-binding-linux-ppc64-gnu'
85 silly reify ]
86 verbose reify failed optional dependency /Applications/MAMP/htdocs/TEST_REFERENDUM/node_modules/@unrs/resolver-binding-linux-arm64-musl
87 silly reify mark deleted [
87 silly reify   '/Applications/MAMP/htdocs/TEST_REFERENDUM/node_modules/@unrs/resolver-binding-linux-arm64-musl'
87 silly reify ]
88 verbose reify failed optional dependency /Applications/MAMP/htdocs/TEST_REFERENDUM/node_modules/@unrs/resolver-binding-linux-arm64-gnu
89 silly reify mark deleted [
89 silly reify   '/Applications/MAMP/htdocs/TEST_REFERENDUM/node_modules/@unrs/resolver-binding-linux-arm64-gnu'
89 silly reify ]
90 verbose reify failed optional dependency /Applications/MAMP/htdocs/TEST_REFERENDUM/node_modules/@unrs/resolver-binding-linux-arm-musleabihf
91 silly reify mark deleted [
91 silly reify   '/Applications/MAMP/htdocs/TEST_REFERENDUM/node_modules/@unrs/resolver-binding-linux-arm-musleabihf'
91 silly reify ]
92 verbose reify failed optional dependency /Applications/MAMP/htdocs/TEST_REFERENDUM/node_modules/@unrs/resolver-binding-linux-arm-gnueabihf
93 silly reify mark deleted [
93 silly reify   '/Applications/MAMP/htdocs/TEST_REFERENDUM/node_modules/@unrs/resolver-binding-linux-arm-gnueabihf'
93 silly reify ]
94 verbose reify failed optional dependency /Applications/MAMP/htdocs/TEST_REFERENDUM/node_modules/@unrs/resolver-binding-freebsd-x64
95 silly reify mark deleted [
95 silly reify   '/Applications/MAMP/htdocs/TEST_REFERENDUM/node_modules/@unrs/resolver-binding-freebsd-x64'
95 silly reify ]
96 verbose reify failed optional dependency /Applications/MAMP/htdocs/TEST_REFERENDUM/node_modules/@unrs/resolver-binding-darwin-x64
97 silly reify mark deleted [
97 silly reify   '/Applications/MAMP/htdocs/TEST_REFERENDUM/node_modules/@unrs/resolver-binding-darwin-x64'
97 silly reify ]
98 verbose reify failed optional dependency /Applications/MAMP/htdocs/TEST_REFERENDUM/node_modules/@unrs/resolver-binding-android-arm64
99 silly reify mark deleted [
99 silly reify   '/Applications/MAMP/htdocs/TEST_REFERENDUM/node_modules/@unrs/resolver-binding-android-arm64'
99 silly reify ]
100 verbose reify failed optional dependency /Applications/MAMP/htdocs/TEST_REFERENDUM/node_modules/@unrs/resolver-binding-android-arm-eabi
101 silly reify mark deleted [
101 silly reify   '/Applications/MAMP/htdocs/TEST_REFERENDUM/node_modules/@unrs/resolver-binding-android-arm-eabi'
101 silly reify ]
102 verbose reify failed optional dependency /Applications/MAMP/htdocs/TEST_REFERENDUM/node_modules/@next/swc-win32-x64-msvc
103 silly reify mark deleted [
103 silly reify   '/Applications/MAMP/htdocs/TEST_REFERENDUM/node_modules/@next/swc-win32-x64-msvc'
103 silly reify ]
104 verbose reify failed optional dependency /Applications/MAMP/htdocs/TEST_REFERENDUM/node_modules/@next/swc-win32-arm64-msvc
105 silly reify mark deleted [
105 silly reify   '/Applications/MAMP/htdocs/TEST_REFERENDUM/node_modules/@next/swc-win32-arm64-msvc'
105 silly reify ]
106 verbose reify failed optional dependency /Applications/MAMP/htdocs/TEST_REFERENDUM/node_modules/@next/swc-linux-x64-musl
107 silly reify mark deleted [
107 silly reify   '/Applications/MAMP/htdocs/TEST_REFERENDUM/node_modules/@next/swc-linux-x64-musl'
107 silly reify ]
108 verbose reify failed optional dependency /Applications/MAMP/htdocs/TEST_REFERENDUM/node_modules/@next/swc-linux-x64-gnu
109 silly reify mark deleted [
109 silly reify   '/Applications/MAMP/htdocs/TEST_REFERENDUM/node_modules/@next/swc-linux-x64-gnu'
109 silly reify ]
110 verbose reify failed optional dependency /Applications/MAMP/htdocs/TEST_REFERENDUM/node_modules/@next/swc-linux-arm64-musl
111 silly reify mark deleted [
111 silly reify   '/Applications/MAMP/htdocs/TEST_REFERENDUM/node_modules/@next/swc-linux-arm64-musl'
111 silly reify ]
112 verbose reify failed optional dependency /Applications/MAMP/htdocs/TEST_REFERENDUM/node_modules/@next/swc-linux-arm64-gnu
113 silly reify mark deleted [
113 silly reify   '/Applications/MAMP/htdocs/TEST_REFERENDUM/node_modules/@next/swc-linux-arm64-gnu'
113 silly reify ]
114 verbose reify failed optional dependency /Applications/MAMP/htdocs/TEST_REFERENDUM/node_modules/@next/swc-darwin-x64
115 silly reify mark deleted [
115 silly reify   '/Applications/MAMP/htdocs/TEST_REFERENDUM/node_modules/@next/swc-darwin-x64'
115 silly reify ]
116 verbose reify failed optional dependency /Applications/MAMP/htdocs/TEST_REFERENDUM/node_modules/@img/sharp-win32-x64
117 silly reify mark deleted [
117 silly reify   '/Applications/MAMP/htdocs/TEST_REFERENDUM/node_modules/@img/sharp-win32-x64'
117 silly reify ]
118 verbose reify failed optional dependency /Applications/MAMP/htdocs/TEST_REFERENDUM/node_modules/@img/sharp-win32-ia32
119 silly reify mark deleted [
119 silly reify   '/Applications/MAMP/htdocs/TEST_REFERENDUM/node_modules/@img/sharp-win32-ia32'
119 silly reify ]
120 verbose reify failed optional dependency /Applications/MAMP/htdocs/TEST_REFERENDUM/node_modules/@img/sharp-win32-arm64
121 silly reify mark deleted [
121 silly reify   '/Applications/MAMP/htdocs/TEST_REFERENDUM/node_modules/@img/sharp-win32-arm64'
121 silly reify ]
122 verbose reify failed optional dependency /Applications/MAMP/htdocs/TEST_REFERENDUM/node_modules/@img/sharp-wasm32
123 silly reify mark deleted [
123 silly reify   '/Applications/MAMP/htdocs/TEST_REFERENDUM/node_modules/@img/sharp-wasm32'
123 silly reify ]
124 verbose reify failed optional dependency /Applications/MAMP/htdocs/TEST_REFERENDUM/node_modules/@img/sharp-linuxmusl-x64
125 silly reify mark deleted [
125 silly reify   '/Applications/MAMP/htdocs/TEST_REFERENDUM/node_modules/@img/sharp-linuxmusl-x64'
125 silly reify ]
126 verbose reify failed optional dependency /Applications/MAMP/htdocs/TEST_REFERENDUM/node_modules/@img/sharp-linuxmusl-arm64
127 silly reify mark deleted [
127 silly reify   '/Applications/MAMP/htdocs/TEST_REFERENDUM/node_modules/@img/sharp-linuxmusl-arm64'
127 silly reify ]
128 verbose reify failed optional dependency /Applications/MAMP/htdocs/TEST_REFERENDUM/node_modules/@img/sharp-linux-x64
129 silly reify mark deleted [
129 silly reify   '/Applications/MAMP/htdocs/TEST_REFERENDUM/node_modules/@img/sharp-linux-x64'
129 silly reify ]
130 verbose reify failed optional dependency /Applications/MAMP/htdocs/TEST_REFERENDUM/node_modules/@img/sharp-linux-s390x
131 silly reify mark deleted [
131 silly reify   '/Applications/MAMP/htdocs/TEST_REFERENDUM/node_modules/@img/sharp-linux-s390x'
131 silly reify ]
132 verbose reify failed optional dependency /Applications/MAMP/htdocs/TEST_REFERENDUM/node_modules/@img/sharp-linux-riscv64
133 silly reify mark deleted [
133 silly reify   '/Applications/MAMP/htdocs/TEST_REFERENDUM/node_modules/@img/sharp-linux-riscv64'
133 silly reify ]
134 verbose reify failed optional dependency /Applications/MAMP/htdocs/TEST_REFERENDUM/node_modules/@img/sharp-linux-ppc64
135 silly reify mark deleted [
135 silly reify   '/Applications/MAMP/htdocs/TEST_REFERENDUM/node_modules/@img/sharp-linux-ppc64'
135 silly reify ]
136 verbose reify failed optional dependency /Applications/MAMP/htdocs/TEST_REFERENDUM/node_modules/@img/sharp-linux-arm64
137 silly reify mark deleted [
137 silly reify   '/Applications/MAMP/htdocs/TEST_REFERENDUM/node_modules/@img/sharp-linux-arm64'
137 silly reify ]
138 verbose reify failed optional dependency /Applications/MAMP/htdocs/TEST_REFERENDUM/node_modules/@img/sharp-linux-arm
139 silly reify mark deleted [
139 silly reify   '/Applications/MAMP/htdocs/TEST_REFERENDUM/node_modules/@img/sharp-linux-arm'
139 silly reify ]
140 verbose reify failed optional dependency /Applications/MAMP/htdocs/TEST_REFERENDUM/node_modules/@img/sharp-libvips-linuxmusl-x64
141 silly reify mark deleted [
141 silly reify   '/Applications/MAMP/htdocs/TEST_REFERENDUM/node_modules/@img/sharp-libvips-linuxmusl-x64'
141 silly reify ]
142 verbose reify failed optional dependency /Applications/MAMP/htdocs/TEST_REFERENDUM/node_modules/@img/sharp-libvips-linuxmusl-arm64
143 silly reify mark deleted [
143 silly reify   '/Applications/MAMP/htdocs/TEST_REFERENDUM/node_modules/@img/sharp-libvips-linuxmusl-arm64'
143 silly reify ]
144 verbose reify failed optional dependency /Applications/MAMP/htdocs/TEST_REFERENDUM/node_modules/@img/sharp-libvips-linux-x64
145 silly reify mark deleted [
145 silly reify   '/Applications/MAMP/htdocs/TEST_REFERENDUM/node_modules/@img/sharp-libvips-linux-x64'
145 silly reify ]
146 verbose reify failed optional dependency /Applications/MAMP/htdocs/TEST_REFERENDUM/node_modules/@img/sharp-libvips-linux-s390x
147 silly reify mark deleted [
147 silly reify   '/Applications/MAMP/htdocs/TEST_REFERENDUM/node_modules/@img/sharp-libvips-linux-s390x'
147 silly reify ]
148 verbose reify failed optional dependency /Applications/MAMP/htdocs/TEST_REFERENDUM/node_modules/@img/sharp-libvips-linux-riscv64
149 silly reify mark deleted [
149 silly reify   '/Applications/MAMP/htdocs/TEST_REFERENDUM/node_modules/@img/sharp-libvips-linux-riscv64'
149 silly reify ]
150 verbose reify failed optional dependency /Applications/MAMP/htdocs/TEST_REFERENDUM/node_modules/@img/sharp-libvips-linux-ppc64
151 silly reify mark deleted [
151 silly reify   '/Applications/MAMP/htdocs/TEST_REFERENDUM/node_modules/@img/sharp-libvips-linux-ppc64'
151 silly reify ]
152 verbose reify failed optional dependency /Applications/MAMP/htdocs/TEST_REFERENDUM/node_modules/@img/sharp-libvips-linux-arm64
153 silly reify mark deleted [
153 silly reify   '/Applications/MAMP/htdocs/TEST_REFERENDUM/node_modules/@img/sharp-libvips-linux-arm64'
153 silly reify ]
154 verbose reify failed optional dependency /Applications/MAMP/htdocs/TEST_REFERENDUM/node_modules/@img/sharp-libvips-linux-arm
155 silly reify mark deleted [
155 silly reify   '/Applications/MAMP/htdocs/TEST_REFERENDUM/node_modules/@img/sharp-libvips-linux-arm'
155 silly reify ]
156 verbose reify failed optional dependency /Applications/MAMP/htdocs/TEST_REFERENDUM/node_modules/@img/sharp-libvips-darwin-x64
157 silly reify mark deleted [
157 silly reify   '/Applications/MAMP/htdocs/TEST_REFERENDUM/node_modules/@img/sharp-libvips-darwin-x64'
157 silly reify ]
158 verbose reify failed optional dependency /Applications/MAMP/htdocs/TEST_REFERENDUM/node_modules/@img/sharp-darwin-x64
159 silly reify mark deleted [
159 silly reify   '/Applications/MAMP/htdocs/TEST_REFERENDUM/node_modules/@img/sharp-darwin-x64'
159 silly reify ]
160 silly tarball no local data for @prisma/fetch-engine@https://registry.npmjs.org/@prisma/fetch-engine/-/fetch-engine-5.22.0.tgz. Extracting by manifest.
161 silly tarball no local data for @prisma/engines-version@https://registry.npmjs.org/@prisma/engines-version/-/engines-version-5.22.0-44.605197351a3c8bdd595af2d2a9bc3025bca48ea2.tgz. Extracting by manifest.
162 silly tarball no local data for @prisma/engines@https://registry.npmjs.org/@prisma/engines/-/engines-5.22.0.tgz. Extracting by manifest.
163 silly tarball no local data for prisma@https://registry.npmjs.org/prisma/-/prisma-5.22.0.tgz. Extracting by manifest.
164 silly tarball no local data for @prisma/get-platform@https://registry.npmjs.org/@prisma/get-platform/-/get-platform-5.22.0.tgz. Extracting by manifest.
165 silly tarball no local data for fsevents@https://registry.npmjs.org/fsevents/-/fsevents-2.3.3.tgz. Extracting by manifest.
166 silly tarball no local data for @prisma/client@https://registry.npmjs.org/@prisma/client/-/client-5.22.0.tgz. Extracting by manifest.
167 silly tarball no local data for @prisma/debug@https://registry.npmjs.org/@prisma/debug/-/debug-5.22.0.tgz. Extracting by manifest.
168 http fetch GET 200 https://registry.npmjs.org/@prisma/engines/-/engines-5.22.0.tgz 90ms (cache miss)
169 http fetch GET 200 https://registry.npmjs.org/fsevents/-/fsevents-2.3.3.tgz 91ms (cache miss)
170 http fetch GET 200 https://registry.npmjs.org/@prisma/engines-version/-/engines-version-5.22.0-44.605197351a3c8bdd595af2d2a9bc3025bca48ea2.tgz 93ms (cache miss)
171 http fetch GET 200 https://registry.npmjs.org/@prisma/debug/-/debug-5.22.0.tgz 93ms (cache miss)
172 http fetch GET 200 https://registry.npmjs.org/@prisma/fetch-engine/-/fetch-engine-5.22.0.tgz 137ms (cache miss)
173 http fetch GET 200 https://registry.npmjs.org/@prisma/get-platform/-/get-platform-5.22.0.tgz 139ms (cache miss)
174 http fetch GET 200 https://registry.npmjs.org/@prisma/client/-/client-5.22.0.tgz 178ms (cache miss)
175 http fetch POST 200 https://registry.npmjs.org/-/npm/v1/security/advisories/bulk 204ms
176 silly audit report {
176 silly audit report   minimatch: [
176 silly audit report     {
176 silly audit report       id: 1113296,
176 silly audit report       url: 'https://github.com/advisories/GHSA-3ppc-4f35-3m26',
176 silly audit report       title: 'minimatch has a ReDoS via repeated wildcards with non-matching literal in pattern',
176 silly audit report       severity: 'high',
176 silly audit report       vulnerable_versions: '<10.2.1',
176 silly audit report       cwe: [Array],
176 silly audit report       cvss: [Object]
176 silly audit report     }
176 silly audit report   ],
176 silly audit report   ajv: [
176 silly audit report     {
176 silly audit report       id: 1113214,
176 silly audit report       url: 'https://github.com/advisories/GHSA-2g4f-4pwh-qvx6',
176 silly audit report       title: 'ajv has ReDoS when using `$data` option',
176 silly audit report       severity: 'moderate',
176 silly audit report       vulnerable_versions: '<8.18.0',
176 silly audit report       cwe: [Array],
176 silly audit report       cvss: [Object]
176 silly audit report     }
176 silly audit report   ]
176 silly audit report }
177 silly packumentCache corgi:https://registry.npmjs.org/minimatch cache-miss
178 silly packumentCache corgi:https://registry.npmjs.org/ajv cache-miss
179 http fetch GET 200 https://registry.npmjs.org/prisma/-/prisma-5.22.0.tgz 201ms (cache miss)
180 info run prisma@5.22.0 preinstall node_modules/prisma node scripts/preinstall-entry.js
181 http fetch GET 200 https://registry.npmjs.org/minimatch 9ms (cache hit)
182 silly packumentCache corgi:https://registry.npmjs.org/minimatch set size:148427 disposed:false
183 http fetch GET 200 https://registry.npmjs.org/ajv 10ms (cache hit)
184 silly packumentCache corgi:https://registry.npmjs.org/ajv set size:463222 disposed:false
185 silly packumentCache corgi:https://registry.npmjs.org/@typescript-eslint%2ftypescript-estree cache-miss
186 silly packumentCache corgi:https://registry.npmjs.org/@eslint%2fconfig-array cache-miss
187 silly packumentCache corgi:https://registry.npmjs.org/@eslint%2feslintrc cache-miss
188 silly packumentCache corgi:https://registry.npmjs.org/eslint cache-miss
189 silly packumentCache corgi:https://registry.npmjs.org/eslint-plugin-import cache-miss
190 silly packumentCache corgi:https://registry.npmjs.org/eslint-plugin-jsx-a11y cache-miss
191 silly packumentCache corgi:https://registry.npmjs.org/eslint-plugin-react cache-miss
192 http fetch GET 200 https://registry.npmjs.org/@eslint%2fconfig-array 7ms (cache hit)
193 silly packumentCache corgi:https://registry.npmjs.org/@eslint%2fconfig-array set size:14383 disposed:false
194 http fetch GET 200 https://registry.npmjs.org/@eslint%2feslintrc 7ms (cache hit)
195 silly packumentCache corgi:https://registry.npmjs.org/@eslint%2feslintrc set size:80753 disposed:false
196 http fetch GET 200 https://registry.npmjs.org/eslint 8ms (cache hit)
197 silly packumentCache corgi:https://registry.npmjs.org/eslint set size:1126678 disposed:false
198 http fetch GET 200 https://registry.npmjs.org/eslint-plugin-jsx-a11y 14ms (cache hit)
199 silly packumentCache corgi:https://registry.npmjs.org/eslint-plugin-jsx-a11y set size:108835 disposed:false
200 http fetch GET 200 https://registry.npmjs.org/@typescript-eslint%2ftypescript-estree 21ms (cache hit)
201 silly packumentCache corgi:https://registry.npmjs.org/@typescript-eslint%2ftypescript-estree set size:8492625 disposed:false
202 http fetch GET 200 https://registry.npmjs.org/eslint-plugin-import 77ms (cache hit)
203 silly packumentCache corgi:https://registry.npmjs.org/eslint-plugin-import set size:238396 disposed:false
204 http fetch GET 200 https://registry.npmjs.org/eslint-plugin-react 79ms (cache hit)
205 silly packumentCache corgi:https://registry.npmjs.org/eslint-plugin-react set size:309843 disposed:false
206 info run prisma@5.22.0 preinstall { code: 0, signal: null }
207 info run fsevents@2.3.3 install node_modules/fsevents node-gyp rebuild
208 silly packumentCache corgi:https://registry.npmjs.org/@eslint-community%2feslint-utils cache-miss
209 silly packumentCache corgi:https://registry.npmjs.org/@typescript-eslint%2feslint-plugin cache-miss
210 silly packumentCache corgi:https://registry.npmjs.org/@typescript-eslint%2fparser cache-miss
211 silly packumentCache corgi:https://registry.npmjs.org/@typescript-eslint%2ftype-utils cache-miss
212 silly packumentCache corgi:https://registry.npmjs.org/@typescript-eslint%2futils cache-miss
213 silly packumentCache corgi:https://registry.npmjs.org/eslint-config-next cache-miss
214 silly packumentCache corgi:https://registry.npmjs.org/eslint-import-resolver-typescript cache-miss
215 silly packumentCache corgi:https://registry.npmjs.org/eslint-plugin-react-hooks cache-miss
216 silly packumentCache corgi:https://registry.npmjs.org/typescript-eslint cache-miss
217 http fetch GET 200 https://registry.npmjs.org/@eslint-community%2feslint-utils 19ms (cache hit)
218 silly packumentCache corgi:https://registry.npmjs.org/@eslint-community%2feslint-utils set size:44347 disposed:false
219 http fetch GET 200 https://registry.npmjs.org/eslint-plugin-react-hooks 22ms (cache hit)
220 silly packumentCache corgi:https://registry.npmjs.org/eslint-plugin-react-hooks set size:4042853 disposed:false
221 http fetch GET 200 https://registry.npmjs.org/@typescript-eslint%2ftype-utils 47ms (cache hit)
222 silly packumentCache corgi:https://registry.npmjs.org/@typescript-eslint%2ftype-utils set size:4505748 disposed:false
223 http fetch GET 200 https://registry.npmjs.org/@typescript-eslint%2fparser 89ms (cache hit)
224 silly packumentCache corgi:https://registry.npmjs.org/@typescript-eslint%2fparser set size:7891430 disposed:false
225 http fetch GET 200 https://registry.npmjs.org/@typescript-eslint%2feslint-plugin 154ms (cache hit)
226 silly packumentCache corgi:https://registry.npmjs.org/@typescript-eslint%2feslint-plugin set size:9347879 disposed:false
227 http fetch GET 200 https://registry.npmjs.org/@typescript-eslint%2futils 213ms (cache hit)
228 silly packumentCache corgi:https://registry.npmjs.org/@typescript-eslint%2futils set size:4516674 disposed:false
229 http fetch GET 200 https://registry.npmjs.org/eslint-import-resolver-typescript 242ms (cache hit)
230 silly packumentCache corgi:https://registry.npmjs.org/eslint-import-resolver-typescript set size:138502 disposed:false
231 http fetch GET 200 https://registry.npmjs.org/typescript-eslint 242ms (cache hit)
232 silly packumentCache corgi:https://registry.npmjs.org/typescript-eslint set size:1532361 disposed:false
233 http fetch GET 200 https://registry.npmjs.org/eslint-config-next 254ms (cache hit)
234 silly packumentCache corgi:https://registry.npmjs.org/eslint-config-next set size:3706444 disposed:false
235 info run fsevents@2.3.3 install { code: 1, signal: null }
236 verbose reify failed optional dependency /Applications/MAMP/htdocs/TEST_REFERENDUM/node_modules/fsevents
237 silly reify mark deleted [ '/Applications/MAMP/htdocs/TEST_REFERENDUM/node_modules/fsevents' ]
238 info run @prisma/client@5.22.0 postinstall node_modules/@prisma/client node scripts/postinstall.js
239 info run @prisma/engines@5.22.0 postinstall node_modules/@prisma/engines node scripts/postinstall.js
240 info run @prisma/engines@5.22.0 postinstall { code: 0, signal: null }
241 info run @prisma/client@5.22.0 postinstall { code: 0, signal: null }
242 silly ADD node_modules/@prisma/get-platform
243 silly ADD node_modules/@prisma/fetch-engine
244 silly ADD node_modules/@prisma/engines-version
245 silly ADD node_modules/@prisma/debug
246 silly ADD
247 silly ADD node_modules/@prisma/engines
248 silly ADD node_modules/prisma
249 silly ADD node_modules/@prisma/client
250 silly ADD
251 silly ADD
252 silly ADD
253 silly ADD
254 silly ADD
255 silly ADD
256 silly ADD
257 silly ADD
258 silly ADD
259 silly ADD
260 silly ADD
261 silly ADD
262 silly ADD
263 silly ADD
264 silly ADD
265 silly ADD
266 silly ADD
267 silly ADD
268 silly ADD
269 silly ADD
270 silly ADD
271 silly ADD
272 silly ADD
273 silly ADD
274 silly ADD
275 silly ADD
276 silly ADD
277 silly ADD
278 silly ADD
279 silly ADD
280 silly ADD
281 silly ADD
282 silly ADD
283 silly ADD
284 silly ADD
285 silly ADD
286 silly ADD
287 silly ADD
288 silly ADD
289 silly ADD
290 silly ADD
291 silly ADD
292 silly ADD
293 silly ADD
294 silly ADD
295 silly ADD
296 silly ADD
297 silly ADD
298 silly ADD
299 silly ADD
300 silly ADD
301 verbose cwd /Applications/MAMP/htdocs/TEST_REFERENDUM
302 verbose os Darwin 25.2.0
303 verbose node v20.16.0
304 verbose npm  v10.8.1
305 verbose exit 0
306 info ok
